<?xml version="1.0" encoding="UTF-8"?>
<testsuite name="com.Test.CourseAPI.CourseServiceTest" time="0.401" tests="8" errors="0" skipped="0" failures="0">
  <properties>
[...]
</properties>
  <testcase name="testFindAll" classname="com.Test.CourseAPI.CourseServiceTest" time="0.252"/>
  <testcase name="updateNotFoundTest" classname="com.Test.CourseAPI.CourseServiceTest" time="0.007"/>
  <testcase name="createWithIdTest" classname="com.Test.CourseAPI.CourseServiceTest" time="0.01"/>
  <testcase name="findOneTest" classname="com.Test.CourseAPI.CourseServiceTest" time="0.044"/>
  <testcase name="updateTest" classname="com.Test.CourseAPI.CourseServiceTest" time="0.047"/>
  <testcase name="createTest" classname="com.Test.CourseAPI.CourseServiceTest" time="0.018"/>
  <testcase name="findOneNotFoundTest" classname="com.Test.CourseAPI.CourseServiceTest" time="0.002"/>
  <testcase name="deleteTest" classname="com.Test.CourseAPI.CourseServiceTest" time="0.021"/>
</testsuite>